The system is: Windows - 10.0.19045 - AMD64
Checking whether the CUDA compiler is NVIDIA using "" matched "nvcc: NVIDIA \(R\) Cuda compiler driver":
nvcc: NVIDIA (R) Cuda compiler driver
Copyright (c) 2005-2023 NVIDIA Corporation
Built on Mon_Apr__3_17:36:15_Pacific_Daylight_Time_2023
Cuda compilation tools, release 12.1, V12.1.105
Build cuda_12.1.r12.1/compiler.32688072_0
Compiling the CUDA compiler identification source file "CMakeCUDACompilerId.cu" succeeded.
Compiler: C:/Program Files/NVIDIA GPU Computing Toolkit/CUDA/v12.1/bin/nvcc.exe 
Build flags: 
Id flags: --keep;--keep-dir;tmp -v

The output was:
0

C:\Users\Megatron\CLionProjects\test\cmake-build-debug\CMakeFiles\3.25.2\CompilerIdCUDA>call "C:/Program Files/Microsoft Visual Studio/2022/Community/VC/Tools/MSVC/14.36.32532/bin/HostX64/x64/../../../../../../../VC/Auxiliary/Build/vcvars64.bat" 
**********************************************************************
** Visual Studio 2022 Developer Command Prompt v17.6.1
** Copyright (c) 2022 Microsoft Corporation
**********************************************************************
[vcvarsall.bat] Environment initialized for: 'x64'
#$ C:/Program Files/Microsoft Visual Studio/2022/Community/VC/Tools/MSVC/14.36.32532/bin/HostX64/x64/../../../../../../../VC/Auxiliary/Build/vcvars64.bat
#$ ALLUSERSPROFILE=C:\ProgramData
#$ AMDRMSDKPATH=C:\Program Files\AMD\RyzenMasterSDK\
#$ APPDATA=C:\Users\Megatron\AppData\Roaming
#$ ChocolateyInstall=C:\ProgramData\chocolatey
#$ ChocolateyLastPathUpdate=133274118633499043
#$ CLion=C:\Program Files\JetBrains\CLion 2022.3\bin;
#$ CLION_IDE=TRUE
#$ CMAKE_COLOR_DIAGNOSTICS=ON
#$ CommandPromptType=Native
#$ CommonProgramFiles=C:\Program Files\Common Files
#$ CommonProgramFiles(x86)=C:\Program Files (x86)\Common Files
#$ CommonProgramW6432=C:\Program Files\Common Files
#$ COMPUTERNAME=METHADONE
#$ ComSpec=C:\Windows\system32\cmd.exe
#$ CUDA_PATH=C:\Program Files\NVIDIA GPU Computing Toolkit\CUDA\v12.1
#$ CUDA_PATH_V12_1=C:\Program Files\NVIDIA GPU Computing Toolkit\CUDA\v12.1
#$ DevEnvDir=C:\Program Files\Microsoft Visual Studio\2022\Community\Common7\IDE\
#$ DriverData=C:\Windows\System32\Drivers\DriverData
#$ ExtensionSdkDir=C:\Program Files (x86)\Microsoft SDKs\Windows Kits\10\ExtensionSDKs
#$ EXTERNAL_INCLUDE=C:\Program Files\Microsoft Visual Studio\2022\Community\VC\Tools\MSVC\14.36.32532\include;C:\Program Files\Microsoft Visual Studio\2022\Community\VC\Tools\MSVC\14.36.32532\ATLMFC\include;C:\Program Files\Microsoft Visual Studio\2022\Community\VC\Auxiliary\VS\include;C:\Program Files (x86)\Windows Kits\10\include\10.0.22000.0\ucrt;C:\Program Files (x86)\Windows Kits\10\\include\10.0.22000.0\\um;C:\Program Files (x86)\Windows Kits\10\\include\10.0.22000.0\\shared;C:\Program Files (x86)\Windows Kits\10\\include\10.0.22000.0\\winrt;C:\Program Files (x86)\Windows Kits\10\\include\10.0.22000.0\\cppwinrt;C:\Program Files\Microsoft Visual Studio\2022\Community\VC\Tools\MSVC\14.36.32532\include;C:\Program Files\Microsoft Visual Studio\2022\Community\VC\Tools\MSVC\14.36.32532\ATLMFC\include;C:\Program Files\Microsoft Visual Studio\2022\Community\VC\Auxiliary\VS\include;C:\Program Files (x86)\Windows Kits\10\include\10.0.22000.0\ucrt;C:\Program Files (x86)\Windows Kits\10\\include\10.0.22000.0\\um;C:\Program Files (x86)\Windows Kits\10\\include\10.0.22000.0\\shared;C:\Program Files (x86)\Windows Kits\10\\include\10.0.22000.0\\winrt;C:\Program Files (x86)\Windows Kits\10\\include\10.0.22000.0\\cppwinrt
#$ FPS_BROWSER_APP_PROFILE_STRING=Internet Explorer
#$ FPS_BROWSER_USER_PROFILE_STRING=Default
#$ Framework40Version=v4.0
#$ FrameworkDir=C:\Windows\Microsoft.NET\Framework64\
#$ FrameworkDir64=C:\Windows\Microsoft.NET\Framework64\
#$ FrameworkVersion=v4.0.30319
#$ FrameworkVersion64=v4.0.30319
#$ GOPATH=C:\Users\Megatron\go
#$ HOMEDRIVE=C:
#$ HOMEPATH=\Users\Megatron
#$ IDEA_INITIAL_DIRECTORY=C:\Windows\system32
#$ INCLUDE=C:\Program Files\Microsoft Visual Studio\2022\Community\VC\Tools\MSVC\14.36.32532\include;C:\Program Files\Microsoft Visual Studio\2022\Community\VC\Tools\MSVC\14.36.32532\ATLMFC\include;C:\Program Files\Microsoft Visual Studio\2022\Community\VC\Auxiliary\VS\include;C:\Program Files (x86)\Windows Kits\10\include\10.0.22000.0\ucrt;C:\Program Files (x86)\Windows Kits\10\\include\10.0.22000.0\\um;C:\Program Files (x86)\Windows Kits\10\\include\10.0.22000.0\\shared;C:\Program Files (x86)\Windows Kits\10\\include\10.0.22000.0\\winrt;C:\Program Files (x86)\Windows Kits\10\\include\10.0.22000.0\\cppwinrt;C:\Program Files\Microsoft Visual Studio\2022\Community\VC\Tools\MSVC\14.36.32532\include;C:\Program Files\Microsoft Visual Studio\2022\Community\VC\Tools\MSVC\14.36.32532\ATLMFC\include;C:\Program Files\Microsoft Visual Studio\2022\Community\VC\Auxiliary\VS\include;C:\Program Files (x86)\Windows Kits\10\include\10.0.22000.0\ucrt;C:\Program Files (x86)\Windows Kits\10\\include\10.0.22000.0\\um;C:\Program Files (x86)\Windows Kits\10\\include\10.0.22000.0\\shared;C:\Program Files (x86)\Windows Kits\10\\include\10.0.22000.0\\winrt;C:\Program Files (x86)\Windows Kits\10\\include\10.0.22000.0\\cppwinrt
#$ JETBRAINS_IDE=TRUE
#$ LIB=C:\Program Files\Microsoft Visual Studio\2022\Community\VC\Tools\MSVC\14.36.32532\ATLMFC\lib\x64;C:\Program Files\Microsoft Visual Studio\2022\Community\VC\Tools\MSVC\14.36.32532\lib\x64;C:\Program Files (x86)\Windows Kits\10\lib\10.0.22000.0\ucrt\x64;C:\Program Files (x86)\Windows Kits\10\\lib\10.0.22000.0\\um\x64;C:\Program Files\Microsoft Visual Studio\2022\Community\VC\Tools\MSVC\14.36.32532\ATLMFC\lib\x64;C:\Program Files\Microsoft Visual Studio\2022\Community\VC\Tools\MSVC\14.36.32532\lib\x64;C:\Program Files (x86)\Windows Kits\10\lib\10.0.22000.0\ucrt\x64;C:\Program Files (x86)\Windows Kits\10\\lib\10.0.22000.0\\um\x64
#$ LIBPATH=C:\Program Files\Microsoft Visual Studio\2022\Community\VC\Tools\MSVC\14.36.32532\ATLMFC\lib\x64;C:\Program Files\Microsoft Visual Studio\2022\Community\VC\Tools\MSVC\14.36.32532\lib\x64;C:\Program Files\Microsoft Visual Studio\2022\Community\VC\Tools\MSVC\14.36.32532\lib\x86\store\references;C:\Program Files (x86)\Windows Kits\10\UnionMetadata\10.0.22000.0;C:\Program Files (x86)\Windows Kits\10\References\10.0.22000.0;C:\Windows\Microsoft.NET\Framework64\v4.0.30319;C:\Program Files\Microsoft Visual Studio\2022\Community\VC\Tools\MSVC\14.36.32532\ATLMFC\lib\x64;C:\Program Files\Microsoft Visual Studio\2022\Community\VC\Tools\MSVC\14.36.32532\lib\x64;C:\Program Files\Microsoft Visual Studio\2022\Community\VC\Tools\MSVC\14.36.32532\lib\x86\store\references;C:\Program Files (x86)\Windows Kits\10\UnionMetadata\10.0.22000.0;C:\Program Files (x86)\Windows Kits\10\References\10.0.22000.0;C:\Windows\Microsoft.NET\Framework64\v4.0.30319
#$ LOCALAPPDATA=C:\Users\Megatron\AppData\Local
#$ LOGONSERVER=\\METHADONE
#$ NUMBER_OF_PROCESSORS=12
#$ OneDrive=C:\Users\Megatron\OneDrive
#$ OS=Windows_NT
#$ Path=C:\Program Files\Microsoft Visual Studio\2022\Community\VC\Tools\MSVC\14.36.32532\bin\HostX64\x64;C:\Program Files\Microsoft Visual Studio\2022\Community\Common7\IDE\VC\VCPackages;C:\Program Files\Microsoft Visual Studio\2022\Community\Common7\IDE\CommonExtensions\Microsoft\TestWindow;C:\Program Files\Microsoft Visual Studio\2022\Community\Common7\IDE\CommonExtensions\Microsoft\TeamFoundation\Team Explorer;C:\Program Files\Microsoft Visual Studio\2022\Community\MSBuild\Current\bin\Roslyn;C:\Program Files\Microsoft Visual Studio\2022\Community\Team Tools\Performance Tools\x64;C:\Program Files\Microsoft Visual Studio\2022\Community\Team Tools\Performance Tools;C:\Program Files (x86)\Windows Kits\10\bin\10.0.22000.0\\x64;C:\Program Files (x86)\Windows Kits\10\bin\\x64;C:\Program Files\Microsoft Visual Studio\2022\Community\\MSBuild\Current\Bin\amd64;C:\Windows\Microsoft.NET\Framework64\v4.0.30319;C:\Program Files\Microsoft Visual Studio\2022\Community\Common7\IDE\;C:\Program Files\Microsoft Visual Studio\2022\Community\Common7\Tools\;C:\Program Files\Microsoft Visual Studio\2022\Community\VC\Tools\MSVC\14.36.32532\bin\HostX64\x64;C:\Program Files\Microsoft Visual Studio\2022\Community\Common7\IDE\VC\VCPackages;C:\Program Files\Microsoft Visual Studio\2022\Community\Common7\IDE\CommonExtensions\Microsoft\TestWindow;C:\Program Files\Microsoft Visual Studio\2022\Community\Common7\IDE\CommonExtensions\Microsoft\TeamFoundation\Team Explorer;C:\Program Files\Microsoft Visual Studio\2022\Community\MSBuild\Current\bin\Roslyn;C:\Program Files\Microsoft Visual Studio\2022\Community\Team Tools\Performance Tools\x64;C:\Program Files\Microsoft Visual Studio\2022\Community\Team Tools\Performance Tools;C:\Program Files (x86)\Windows Kits\10\bin\10.0.22000.0\\x64;C:\Program Files (x86)\Windows Kits\10\bin\\x64;C:\Program Files\Microsoft Visual Studio\2022\Community\\MSBuild\Current\Bin\amd64;C:\Windows\Microsoft.NET\Framework64\v4.0.30319;C:\Program Files\Microsoft Visual Studio\2022\Community\Common7\IDE\;C:\Program Files\Microsoft Visual Studio\2022\Community\Common7\Tools\;C:\Program Files\NVIDIA GPU Computing Toolkit\CUDA\v12.1\bin;C:\Program Files\NVIDIA GPU Computing Toolkit\CUDA\v12.1\libnvvp;C:\Program Files\Common Files\Oracle\Java\javapath;C:\Users\Megatron\AppData\Local\Programs\Python\Python311\Scripts\;C:\Users\Megatron\AppData\Local\Programs\Python\Python311\;C:\Windows\system32;C:\Windows;C:\Windows\System32\Wbem;C:\Windows\System32\WindowsPowerShell\v1.0\;C:\Windows\System32\OpenSSH\;C:\Program Files\NVIDIA Corporation\NVIDIA NvDLISR;C:\Program Files\dotnet\;C:\Program Files\Go\bin;C:\Program Files\Docker\Docker\resources\bin;C:\Program Files (x86)\Microsoft SQL Server\160\Tools\Binn\;C:\Program Files\Microsoft SQL Server\160\Tools\Binn\;C:\Program Files\Microsoft SQL Server\Client SDK\ODBC\170\Tools\Binn\;C:\Program Files\Microsoft SQL Server\160\DTS\Binn\;C:\Program Files\nodejs\;C:\ProgramData\chocolatey\bin;C:\Program Files\NVIDIA Corporation\Nsight Compute 2023.1.1\;C:\Program Files (x86)\NVIDIA Corporation\PhysX\Common;C:\Program Files\MySQL\MySQL Shell 8.0\bin\;C:\Users\Megatron\AppData\Local\Microsoft\WindowsApps;C:\Program Files\JetBrains\CLion 2022.3\bin;;C:\msys64\mingw64\bin;C:\Users\Megatron\go\bin;C:\Users\Megatron\AppData\Local\Programs\Microsoft VS Code\bin;C:\Program Files\LLVM\bin;C:\Users\Megatron\AppData\Roaming\npm;C:\Program Files\Microsoft Visual Studio\2022\Community\Common7\IDE\CommonExtensions\Microsoft\CMake\CMake\bin;C:\Program Files\Microsoft Visual Studio\2022\Community\Common7\IDE\CommonExtensions\Microsoft\CMake\Ninja;C:\Program Files\Microsoft Visual Studio\2022\Community\Common7\IDE\VC\Linux\bin\ConnectionManagerExe;C:\Program Files\Microsoft Visual Studio\2022\Community\VC\vcpkg;C:\Program Files\NVIDIA GPU Computing Toolkit\CUDA\v12.1\bin;C:\Program Files\NVIDIA GPU Computing Toolkit\CUDA\v12.1\libnvvp;C:\Program Files\Common Files\Oracle\Java\javapath;C:\Users\Megatron\AppData\Local\Programs\Python\Python311\Scripts\;C:\Users\Megatron\AppData\Local\Programs\Python\Python311\;C:\Windows\system32;C:\Windows;C:\Windows\System32\Wbem;C:\Windows\System32\WindowsPowerShell\v1.0\;C:\Windows\System32\OpenSSH\;C:\Program Files\NVIDIA Corporation\NVIDIA NvDLISR;C:\Program Files\dotnet\;C:\Program Files\Go\bin;C:\Program Files\Docker\Docker\resources\bin;C:\Program Files (x86)\Microsoft SQL Server\160\Tools\Binn\;C:\Program Files\Microsoft SQL Server\160\Tools\Binn\;C:\Program Files\Microsoft SQL Server\Client SDK\ODBC\170\Tools\Binn\;C:\Program Files\Microsoft SQL Server\160\DTS\Binn\;C:\Program Files\nodejs\;C:\ProgramData\chocolatey\bin;C:\Program Files\NVIDIA Corporation\Nsight Compute 2023.1.1\;C:\Program Files (x86)\NVIDIA Corporation\PhysX\Common;C:\Program Files\MySQL\MySQL Shell 8.0\bin\;C:\Users\Megatron\AppData\Local\Microsoft\WindowsApps;C:\Program Files\JetBrains\CLion 2022.3\bin;;C:\msys64\mingw64\bin;C:\Users\Megatron\go\bin;C:\Users\Megatron\AppData\Local\Programs\Microsoft VS Code\bin;C:\Program Files\LLVM\bin;C:\Users\Megatron\AppData\Roaming\npm;C:\Program Files\JetBrains\CLion 2022.3\bin\ninja\win\x64;C:\Program Files\Microsoft Visual Studio\2022\Community\Common7\IDE\CommonExtensions\Microsoft\CMake\CMake\bin;C:\Program Files\Microsoft Visual Studio\2022\Community\Common7\IDE\CommonExtensions\Microsoft\CMake\Ninja;C:\Program Files\Microsoft Visual Studio\2022\Community\Common7\IDE\VC\Linux\bin\ConnectionManagerExe;C:\Program Files\Microsoft Visual Studio\2022\Community\VC\vcpkg
#$ PATHEXT=.COM;.EXE;.BAT;.CMD;.VBS;.VBE;.JS;.JSE;.WSF;.WSH;.MSC;.PY;.PYW
#$ Platform=x64
#$ PROCESSOR_ARCHITECTURE=AMD64
#$ PROCESSOR_IDENTIFIER=AMD64 Family 23 Model 113 Stepping 0, AuthenticAMD
#$ PROCESSOR_LEVEL=23
#$ PROCESSOR_REVISION=7100
#$ ProgramData=C:\ProgramData
#$ ProgramFiles=C:\Program Files
#$ ProgramFiles(x86)=C:\Program Files (x86)
#$ ProgramW6432=C:\Program Files
#$ PROMPT=$P$G
#$ PSModulePath=C:\Program Files\WindowsPowerShell\Modules;C:\Windows\system32\WindowsPowerShell\v1.0\Modules;C:\Program Files (x86)\Microsoft SQL Server\160\Tools\PowerShell\Modules\
#$ PUBLIC=C:\Users\Public
#$ SESSIONNAME=Console
#$ SystemDrive=C:
#$ SystemRoot=C:\Windows
#$ UCRTVersion=10.0.22000.0
#$ UniversalCRTSdkDir=C:\Program Files (x86)\Windows Kits\10\
#$ USERDOMAIN=METHADONE
#$ USERDOMAIN_ROAMINGPROFILE=METHADONE
#$ USERNAME=Megatron
#$ USERPROFILE=C:\Users\Megatron
#$ VBOX_MSI_INSTALL_PATH=C:\Program Files\Oracle\VirtualBox\
#$ VCIDEInstallDir=C:\Program Files\Microsoft Visual Studio\2022\Community\Common7\IDE\VC\
#$ VCINSTALLDIR=C:\Program Files\Microsoft Visual Studio\2022\Community\VC\
#$ VCPKG_ROOT=C:\Program Files\Microsoft Visual Studio\2022\Community\VC\vcpkg
#$ VCToolsInstallDir=C:\Program Files\Microsoft Visual Studio\2022\Community\VC\Tools\MSVC\14.36.32532\
#$ VCToolsRedistDir=C:\Program Files\Microsoft Visual Studio\2022\Community\VC\Redist\MSVC\14.36.32532\
#$ VCToolsVersion=14.36.32532
#$ VisualStudioVersion=17.0
#$ VS170COMNTOOLS=C:\Program Files\Microsoft Visual Studio\2022\Community\Common7\Tools\
#$ VSCMD_ARG_app_plat=Desktop
#$ VSCMD_ARG_HOST_ARCH=x64
#$ VSCMD_ARG_TGT_ARCH=x64
#$ VSCMD_DEBUG=
#$ VSCMD_SKIP_SENDTELEMETRY=1
#$ VSCMD_VER=17.6.1
#$ vsconsoleoutput=1
#$ VSINSTALLDIR=C:\Program Files\Microsoft Visual Studio\2022\Community\
#$ windir=C:\Windows
#$ WindowsLibPath=C:\Program Files (x86)\Windows Kits\10\UnionMetadata\10.0.22000.0;C:\Program Files (x86)\Windows Kits\10\References\10.0.22000.0
#$ WindowsSdkBinPath=C:\Program Files (x86)\Windows Kits\10\bin\
#$ WindowsSdkDir=C:\Program Files (x86)\Windows Kits\10\
#$ WindowsSDKLibVersion=10.0.22000.0\
#$ WindowsSdkVerBinPath=C:\Program Files (x86)\Windows Kits\10\bin\10.0.22000.0\
#$ WindowsSDKVersion=10.0.22000.0\
#$ __DOTNET_ADD_64BIT=1
#$ __DOTNET_PREFERRED_BITNESS=64
#$ __VSCMD_PREINIT_PATH=C:\Program Files\NVIDIA GPU Computing Toolkit\CUDA\v12.1\bin;C:\Program Files\NVIDIA GPU Computing Toolkit\CUDA\v12.1\libnvvp;C:\Program Files\Common Files\Oracle\Java\javapath;C:\Users\Megatron\AppData\Local\Programs\Python\Python311\Scripts\;C:\Users\Megatron\AppData\Local\Programs\Python\Python311\;C:\Windows\system32;C:\Windows;C:\Windows\System32\Wbem;C:\Windows\System32\WindowsPowerShell\v1.0\;C:\Windows\System32\OpenSSH\;C:\Program Files\NVIDIA Corporation\NVIDIA NvDLISR;C:\Program Files\dotnet\;C:\Program Files\Go\bin;C:\Program Files\Docker\Docker\resources\bin;C:\Program Files (x86)\Microsoft SQL Server\160\Tools\Binn\;C:\Program Files\Microsoft SQL Server\160\Tools\Binn\;C:\Program Files\Microsoft SQL Server\Client SDK\ODBC\170\Tools\Binn\;C:\Program Files\Microsoft SQL Server\160\DTS\Binn\;C:\Program Files\nodejs\;C:\ProgramData\chocolatey\bin;C:\Program Files\NVIDIA Corporation\Nsight Compute 2023.1.1\;C:\Program Files (x86)\NVIDIA Corporation\PhysX\Common;C:\Program Files\MySQL\MySQL Shell 8.0\bin\;C:\Users\Megatron\AppData\Local\Microsoft\WindowsApps;C:\Program Files\JetBrains\CLion 2022.3\bin;;C:\msys64\mingw64\bin;C:\Users\Megatron\go\bin;C:\Users\Megatron\AppData\Local\Programs\Microsoft VS Code\bin;C:\Program Files\LLVM\bin;C:\Users\Megatron\AppData\Roaming\npm
#$ __VSCMD_PREINIT_VCToolsVersion=14.36.32532
#$ __VSCMD_PREINIT_VS170COMNTOOLS=C:\Program Files\Microsoft Visual Studio\2022\Community\Common7\Tools\
#$ PATH=C:\Program Files\Microsoft Visual Studio\2022\Community\VC\Tools\MSVC\14.36.32532\bin\HostX64\x64;C:\Program Files\Microsoft Visual Studio\2022\Community\VC\Tools\MSVC\14.36.32532\bin\HostX64\x64;C:\Program Files\Microsoft Visual Studio\2022\Community\Common7\IDE\VC\VCPackages;C:\Program Files\Microsoft Visual Studio\2022\Community\Common7\IDE\CommonExtensions\Microsoft\TestWindow;C:\Program Files\Microsoft Visual Studio\2022\Community\Common7\IDE\CommonExtensions\Microsoft\TeamFoundation\Team Explorer;C:\Program Files\Microsoft Visual Studio\2022\Community\MSBuild\Current\bin\Roslyn;C:\Program Files\Microsoft Visual Studio\2022\Community\Team Tools\Performance Tools\x64;C:\Program Files\Microsoft Visual Studio\2022\Community\Team Tools\Performance Tools;C:\Program Files (x86)\Windows Kits\10\bin\10.0.22000.0\\x64;C:\Program Files (x86)\Windows Kits\10\bin\\x64;C:\Program Files\Microsoft Visual Studio\2022\Community\\MSBuild\Current\Bin\amd64;C:\Windows\Microsoft.NET\Framework64\v4.0.30319;C:\Program Files\Microsoft Visual Studio\2022\Community\Common7\IDE\;C:\Program Files\Microsoft Visual Studio\2022\Community\Common7\Tools\;C:\Program Files\Microsoft Visual Studio\2022\Community\VC\Tools\MSVC\14.36.32532\bin\HostX64\x64;C:\Program Files\Microsoft Visual Studio\2022\Community\Common7\IDE\VC\VCPackages;C:\Program Files\Microsoft Visual Studio\2022\Community\Common7\IDE\CommonExtensions\Microsoft\TestWindow;C:\Program Files\Microsoft Visual Studio\2022\Community\Common7\IDE\CommonExtensions\Microsoft\TeamFoundation\Team Explorer;C:\Program Files\Microsoft Visual Studio\2022\Community\MSBuild\Current\bin\Roslyn;C:\Program Files\Microsoft Visual Studio\2022\Community\Team Tools\Performance Tools\x64;C:\Program Files\Microsoft Visual Studio\2022\Community\Team Tools\Performance Tools;C:\Program Files (x86)\Windows Kits\10\bin\10.0.22000.0\\x64;C:\Program Files (x86)\Windows Kits\10\bin\\x64;C:\Program Files\Microsoft Visual Studio\2022\Community\\MSBuild\Current\Bin\amd64;C:\Windows\Microsoft.NET\Framework64\v4.0.30319;C:\Program Files\Microsoft Visual Studio\2022\Community\Common7\IDE\;C:\Program Files\Microsoft Visual Studio\2022\Community\Common7\Tools\;C:\Program Files\NVIDIA GPU Computing Toolkit\CUDA\v12.1\bin;C:\Program Files\NVIDIA GPU Computing Toolkit\CUDA\v12.1\libnvvp;C:\Program Files\Common Files\Oracle\Java\javapath;C:\Users\Megatron\AppData\Local\Programs\Python\Python311\Scripts\;C:\Users\Megatron\AppData\Local\Programs\Python\Python311\;C:\Windows\system32;C:\Windows;C:\Windows\System32\Wbem;C:\Windows\System32\WindowsPowerShell\v1.0\;C:\Windows\System32\OpenSSH\;C:\Program Files\NVIDIA Corporation\NVIDIA NvDLISR;C:\Program Files\dotnet\;C:\Program Files\Go\bin;C:\Program Files\Docker\Docker\resources\bin;C:\Program Files (x86)\Microsoft SQL Server\160\Tools\Binn\;C:\Program Files\Microsoft SQL Server\160\Tools\Binn\;C:\Program Files\Microsoft SQL Server\Client SDK\ODBC\170\Tools\Binn\;C:\Program Files\Microsoft SQL Server\160\DTS\Binn\;C:\Program Files\nodejs\;C:\ProgramData\chocolatey\bin;C:\Program Files\NVIDIA Corporation\Nsight Compute 2023.1.1\;C:\Program Files (x86)\NVIDIA Corporation\PhysX\Common;C:\Program Files\MySQL\MySQL Shell 8.0\bin\;C:\Users\Megatron\AppData\Local\Microsoft\WindowsApps;C:\Program Files\JetBrains\CLion 2022.3\bin;;C:\msys64\mingw64\bin;C:\Users\Megatron\go\bin;C:\Users\Megatron\AppData\Local\Programs\Microsoft VS Code\bin;C:\Program Files\LLVM\bin;C:\Users\Megatron\AppData\Roaming\npm;C:\Program Files\Microsoft Visual Studio\2022\Community\Common7\IDE\CommonExtensions\Microsoft\CMake\CMake\bin;C:\Program Files\Microsoft Visual Studio\2022\Community\Common7\IDE\CommonExtensions\Microsoft\CMake\Ninja;C:\Program Files\Microsoft Visual Studio\2022\Community\Common7\IDE\VC\Linux\bin\ConnectionManagerExe;C:\Program Files\Microsoft Visual Studio\2022\Community\VC\vcpkg;C:\Program Files\NVIDIA GPU Computing Toolkit\CUDA\v12.1\bin;C:\Program Files\NVIDIA GPU Computing Toolkit\CUDA\v12.1\libnvvp;C:\Program Files\Common Files\Oracle\Java\javapath;C:\Users\Megatron\AppData\Local\Programs\Python\Python311\Scripts\;C:\Users\Megatron\AppData\Local\Programs\Python\Python311\;C:\Windows\system32;C:\Windows;C:\Windows\System32\Wbem;C:\Windows\System32\WindowsPowerShell\v1.0\;C:\Windows\System32\OpenSSH\;C:\Program Files\NVIDIA Corporation\NVIDIA NvDLISR;C:\Program Files\dotnet\;C:\Program Files\Go\bin;C:\Program Files\Docker\Docker\resources\bin;C:\Program Files (x86)\Microsoft SQL Server\160\Tools\Binn\;C:\Program Files\Microsoft SQL Server\160\Tools\Binn\;C:\Program Files\Microsoft SQL Server\Client SDK\ODBC\170\Tools\Binn\;C:\Program Files\Microsoft SQL Server\160\DTS\Binn\;C:\Program Files\nodejs\;C:\ProgramData\chocolatey\bin;C:\Program Files\NVIDIA Corporation\Nsight Compute 2023.1.1\;C:\Program Files (x86)\NVIDIA Corporation\PhysX\Common;C:\Program Files\MySQL\MySQL Shell 8.0\bin\;C:\Users\Megatron\AppData\Local\Microsoft\WindowsApps;C:\Program Files\JetBrains\CLion 2022.3\bin;;C:\msys64\mingw64\bin;C:\Users\Megatron\go\bin;C:\Users\Megatron\AppData\Local\Programs\Microsoft VS Code\bin;C:\Program Files\LLVM\bin;C:\Users\Megatron\AppData\Roaming\npm;C:\Program Files\JetBrains\CLion 2022.3\bin\ninja\win\x64;C:\Program Files\Microsoft Visual Studio\2022\Community\Common7\IDE\CommonExtensions\Microsoft\CMake\CMake\bin;C:\Program Files\Microsoft Visual Studio\2022\Community\Common7\IDE\CommonExtensions\Microsoft\CMake\Ninja;C:\Program Files\Microsoft Visual Studio\2022\Community\Common7\IDE\VC\Linux\bin\ConnectionManagerExe;C:\Program Files\Microsoft Visual Studio\2022\Community\VC\vcpkg
#$ _NVVM_BRANCH_=nvvm
#$ _SPACE_= 
#$ _CUDART_=cudart
#$ _HERE_=C:/Program Files/NVIDIA GPU Computing Toolkit/CUDA/v12.1/bin
#$ _THERE_=C:/Program Files/NVIDIA GPU Computing Toolkit/CUDA/v12.1/bin
#$ _TARGET_SIZE_=
#$ _TARGET_DIR_=
#$ _TARGET_SIZE_=64
#$ _WIN_PLATFORM_=x64
#$ TOP=C:/Program Files/NVIDIA GPU Computing Toolkit/CUDA/v12.1/bin/..
#$ NVVMIR_LIBRARY_DIR=C:/Program Files/NVIDIA GPU Computing Toolkit/CUDA/v12.1/bin/../nvvm/libdevice
#$ PATH=C:/Program Files/NVIDIA GPU Computing Toolkit/CUDA/v12.1/bin/../nvvm/bin;C:/Program Files/NVIDIA GPU Computing Toolkit/CUDA/v12.1/bin;C:/Program Files/NVIDIA GPU Computing Toolkit/CUDA/v12.1/bin/../lib;C:\Program Files\Microsoft Visual Studio\2022\Community\VC\Tools\MSVC\14.36.32532\bin\HostX64\x64;C:\Program Files\Microsoft Visual Studio\2022\Community\VC\Tools\MSVC\14.36.32532\bin\HostX64\x64;C:\Program Files\Microsoft Visual Studio\2022\Community\Common7\IDE\VC\VCPackages;C:\Program Files\Microsoft Visual Studio\2022\Community\Common7\IDE\CommonExtensions\Microsoft\TestWindow;C:\Program Files\Microsoft Visual Studio\2022\Community\Common7\IDE\CommonExtensions\Microsoft\TeamFoundation\Team Explorer;C:\Program Files\Microsoft Visual Studio\2022\Community\MSBuild\Current\bin\Roslyn;C:\Program Files\Microsoft Visual Studio\2022\Community\Team Tools\Performance Tools\x64;C:\Program Files\Microsoft Visual Studio\2022\Community\Team Tools\Performance Tools;C:\Program Files (x86)\Windows Kits\10\bin\10.0.22000.0\\x64;C:\Program Files (x86)\Windows Kits\10\bin\\x64;C:\Program Files\Microsoft Visual Studio\2022\Community\\MSBuild\Current\Bin\amd64;C:\Windows\Microsoft.NET\Framework64\v4.0.30319;C:\Program Files\Microsoft Visual Studio\2022\Community\Common7\IDE\;C:\Program Files\Microsoft Visual Studio\2022\Community\Common7\Tools\;C:\Program Files\Microsoft Visual Studio\2022\Community\VC\Tools\MSVC\14.36.32532\bin\HostX64\x64;C:\Program Files\Microsoft Visual Studio\2022\Community\Common7\IDE\VC\VCPackages;C:\Program Files\Microsoft Visual Studio\2022\Community\Common7\IDE\CommonExtensions\Microsoft\TestWindow;C:\Program Files\Microsoft Visual Studio\2022\Community\Common7\IDE\CommonExtensions\Microsoft\TeamFoundation\Team Explorer;C:\Program Files\Microsoft Visual Studio\2022\Community\MSBuild\Current\bin\Roslyn;C:\Program Files\Microsoft Visual Studio\2022\Community\Team Tools\Performance Tools\x64;C:\Program Files\Microsoft Visual Studio\2022\Community\Team Tools\Performance Tools;C:\Program Files (x86)\Windows Kits\10\bin\10.0.22000.0\\x64;C:\Program Files (x86)\Windows Kits\10\bin\\x64;C:\Program Files\Microsoft Visual Studio\2022\Community\\MSBuild\Current\Bin\amd64;C:\Windows\Microsoft.NET\Framework64\v4.0.30319;C:\Program Files\Microsoft Visual Studio\2022\Community\Common7\IDE\;C:\Program Files\Microsoft Visual Studio\2022\Community\Common7\Tools\;C:\Program Files\NVIDIA GPU Computing Toolkit\CUDA\v12.1\bin;C:\Program Files\NVIDIA GPU Computing Toolkit\CUDA\v12.1\libnvvp;C:\Program Files\Common Files\Oracle\Java\javapath;C:\Users\Megatron\AppData\Local\Programs\Python\Python311\Scripts\;C:\Users\Megatron\AppData\Local\Programs\Python\Python311\;C:\Windows\system32;C:\Windows;C:\Windows\System32\Wbem;C:\Windows\System32\WindowsPowerShell\v1.0\;C:\Windows\System32\OpenSSH\;C:\Program Files\NVIDIA Corporation\NVIDIA NvDLISR;C:\Program Files\dotnet\;C:\Program Files\Go\bin;C:\Program Files\Docker\Docker\resources\bin;C:\Program Files (x86)\Microsoft SQL Server\160\Tools\Binn\;C:\Program Files\Microsoft SQL Server\160\Tools\Binn\;C:\Program Files\Microsoft SQL Server\Client SDK\ODBC\170\Tools\Binn\;C:\Program Files\Microsoft SQL Server\160\DTS\Binn\;C:\Program Files\nodejs\;C:\ProgramData\chocolatey\bin;C:\Program Files\NVIDIA Corporation\Nsight Compute 2023.1.1\;C:\Program Files (x86)\NVIDIA Corporation\PhysX\Common;C:\Program Files\MySQL\MySQL Shell 8.0\bin\;C:\Users\Megatron\AppData\Local\Microsoft\WindowsApps;C:\Program Files\JetBrains\CLion 2022.3\bin;;C:\msys64\mingw64\bin;C:\Users\Megatron\go\bin;C:\Users\Megatron\AppData\Local\Programs\Microsoft VS Code\bin;C:\Program Files\LLVM\bin;C:\Users\Megatron\AppData\Roaming\npm;C:\Program Files\Microsoft Visual Studio\2022\Community\Common7\IDE\CommonExtensions\Microsoft\CMake\CMake\bin;C:\Program Files\Microsoft Visual Studio\2022\Community\Common7\IDE\CommonExtensions\Microsoft\CMake\Ninja;C:\Program Files\Microsoft Visual Studio\2022\Community\Common7\IDE\VC\Linux\bin\ConnectionManagerExe;C:\Program Files\Microsoft Visual Studio\2022\Community\VC\vcpkg;C:\Program Files\NVIDIA GPU Computing Toolkit\CUDA\v12.1\bin;C:\Program Files\NVIDIA GPU Computing Toolkit\CUDA\v12.1\libnvvp;C:\Program Files\Common Files\Oracle\Java\javapath;C:\Users\Megatron\AppData\Local\Programs\Python\Python311\Scripts\;C:\Users\Megatron\AppData\Local\Programs\Python\Python311\;C:\Windows\system32;C:\Windows;C:\Windows\System32\Wbem;C:\Windows\System32\WindowsPowerShell\v1.0\;C:\Windows\System32\OpenSSH\;C:\Program Files\NVIDIA Corporation\NVIDIA NvDLISR;C:\Program Files\dotnet\;C:\Program Files\Go\bin;C:\Program Files\Docker\Docker\resources\bin;C:\Program Files (x86)\Microsoft SQL Server\160\Tools\Binn\;C:\Program Files\Microsoft SQL Server\160\Tools\Binn\;C:\Program Files\Microsoft SQL Server\Client SDK\ODBC\170\Tools\Binn\;C:\Program Files\Microsoft SQL Server\160\DTS\Binn\;C:\Program Files\nodejs\;C:\ProgramData\chocolatey\bin;C:\Program Files\NVIDIA Corporation\Nsight Compute 2023.1.1\;C:\Program Files (x86)\NVIDIA Corporation\PhysX\Common;C:\Program Files\MySQL\MySQL Shell 8.0\bin\;C:\Users\Megatron\AppData\Local\Microsoft\WindowsApps;C:\Program Files\JetBrains\CLion 2022.3\bin;;C:\msys64\mingw64\bin;C:\Users\Megatron\go\bin;C:\Users\Megatron\AppData\Local\Programs\Microsoft VS Code\bin;C:\Program Files\LLVM\bin;C:\Users\Megatron\AppData\Roaming\npm;C:\Program Files\JetBrains\CLion 2022.3\bin\ninja\win\x64;C:\Program Files\Microsoft Visual Studio\2022\Community\Common7\IDE\CommonExtensions\Microsoft\CMake\CMake\bin;C:\Program Files\Microsoft Visual Studio\2022\Community\Common7\IDE\CommonExtensions\Microsoft\CMake\Ninja;C:\Program Files\Microsoft Visual Studio\2022\Community\Common7\IDE\VC\Linux\bin\ConnectionManagerExe;C:\Program Files\Microsoft Visual Studio\2022\Community\VC\vcpkg
#$ INCLUDES="-IC:/Program Files/NVIDIA GPU Computing Toolkit/CUDA/v12.1/bin/../include"  
#$ LIBRARIES=  "/LIBPATH:C:/Program Files/NVIDIA GPU Computing Toolkit/CUDA/v12.1/bin/../lib/x64"
#$ CUDAFE_FLAGS=
#$ PTXAS_FLAGS=
#$ erase tmp/a_dlink.reg.c
CMakeCUDACompilerId.cu
#$ resource file tmp/CMakeCUDACompilerId.cpp4.ii.res: [-D__CUDA_ARCH_LIST__=520 -nologo -E -TP -EHsc -D__CUDACC__ -D__NVCC__  "-IC:/Program Files/NVIDIA GPU Computing Toolkit/CUDA/v12.1/bin/../include"    -D__CUDACC_VER_MAJOR__=12 -D__CUDACC_VER_MINOR__=1 -D__CUDACC_VER_BUILD__=105 -D__CUDA_API_VER_MAJOR__=12 -D__CUDA_API_VER_MINOR__=1 -D__NVCC_DIAG_PRAGMA_SUPPORT__=1 -FI "cuda_runtime.h" "CMakeCUDACompilerId.cu" ]
#$ cl.exe @"tmp/CMakeCUDACompilerId.cpp4.ii.res" > "tmp/CMakeCUDACompilerId.cpp4.ii" 
CMakeCUDACompilerId.cu
#$ cudafe++ --microsoft_version=1936 --msvc_target_version=1936 --compiler_bindir "C:/Program Files/Microsoft Visual Studio/2022/Community/VC/Tools/MSVC/14.36.32532/bin/HostX64/x64/../../../../../../.." --sdk_dir "C:/Program Files (x86)/Windows Kits/10/" --display_error_number --orig_src_file_name "CMakeCUDACompilerId.cu" --orig_src_path_name "C:\Users\Megatron\CLionProjects\test\cmake-build-debug\CMakeFiles\3.25.2\CompilerIdCUDA\CMakeCUDACompilerId.cu" --allow_managed --m64 --parse_templates --gen_c_file_name "tmp/CMakeCUDACompilerId.cudafe1.cpp" --stub_file_name "CMakeCUDACompilerId.cudafe1.stub.c" --gen_module_id_file --module_id_file_name "tmp/CMakeCUDACompilerId.module_id" "tmp/CMakeCUDACompilerId.cpp4.ii" 
#$ resource file tmp/CMakeCUDACompilerId.cpp1.ii.res: [-D__CUDA_ARCH__=520 -D__CUDA_ARCH_LIST__=520 -nologo -E -TP  -DCUDA_DOUBLE_MATH_FUNCTIONS -EHsc -D__CUDACC__ -D__NVCC__  "-IC:/Program Files/NVIDIA GPU Computing Toolkit/CUDA/v12.1/bin/../include"    -D__CUDACC_VER_MAJOR__=12 -D__CUDACC_VER_MINOR__=1 -D__CUDACC_VER_BUILD__=105 -D__CUDA_API_VER_MAJOR__=12 -D__CUDA_API_VER_MINOR__=1 -D__NVCC_DIAG_PRAGMA_SUPPORT__=1 -FI "cuda_runtime.h" "CMakeCUDACompilerId.cu" ]
#$ cl.exe @"tmp/CMakeCUDACompilerId.cpp1.ii.res" > "tmp/CMakeCUDACompilerId.cpp1.ii" 
CMakeCUDACompilerId.cu
#$ cicc --microsoft_version=1936 --msvc_target_version=1936 --compiler_bindir "C:/Program Files/Microsoft Visual Studio/2022/Community/VC/Tools/MSVC/14.36.32532/bin/HostX64/x64/../../../../../../.." --sdk_dir "C:/Program Files (x86)/Windows Kits/10/" --display_error_number --orig_src_file_name "CMakeCUDACompilerId.cu" --orig_src_path_name "C:\Users\Megatron\CLionProjects\test\cmake-build-debug\CMakeFiles\3.25.2\CompilerIdCUDA\CMakeCUDACompilerId.cu" --allow_managed  -arch compute_52 -m64 --no-version-ident -ftz=0 -prec_div=1 -prec_sqrt=1 -fmad=1 --include_file_name "CMakeCUDACompilerId.fatbin.c" -tused --module_id_file_name "tmp/CMakeCUDACompilerId.module_id" --gen_c_file_name "tmp/CMakeCUDACompilerId.cudafe1.c" --stub_file_name "tmp/CMakeCUDACompilerId.cudafe1.stub.c" --gen_device_file_name "tmp/CMakeCUDACompilerId.cudafe1.gpu"  "tmp/CMakeCUDACompilerId.cpp1.ii" -o "tmp/CMakeCUDACompilerId.ptx"
#$ ptxas -arch=sm_52 -m64 "tmp/CMakeCUDACompilerId.ptx"  -o "tmp/CMakeCUDACompilerId.sm_52.cubin" 
#$ fatbinary --create="tmp/CMakeCUDACompilerId.fatbin" -64 --cicc-cmdline="-ftz=0 -prec_div=1 -prec_sqrt=1 -fmad=1 " "--image3=kind=elf,sm=52,file=tmp/CMakeCUDACompilerId.sm_52.cubin" "--image3=kind=ptx,sm=52,file=tmp/CMakeCUDACompilerId.ptx" --embedded-fatbin="tmp/CMakeCUDACompilerId.fatbin.c" 
#$ resource file tmp/CMakeCUDACompilerId.obj.res: [-D__CUDA_ARCH__=520 -D__CUDA_ARCH_LIST__=520 -nologo -c -TP  -DCUDA_DOUBLE_MATH_FUNCTIONS -EHsc "-IC:/Program Files/NVIDIA GPU Computing Toolkit/CUDA/v12.1/bin/../include"   "C:\Users\Megatron\CLionProjects\test\cmake-build-debug\CMakeFiles\3.25.2\CompilerIdCUDA\tmp\CMakeCUDACompilerId.cudafe1.cpp" ]
#$ cl.exe @"tmp/CMakeCUDACompilerId.obj.res" -Fo"tmp/CMakeCUDACompilerId.obj" 
CMakeCUDACompilerId.cudafe1.cpp
#$ resource file tmp/a_dlink.sm_52.cubin.optf: [-m64 --arch=sm_52 --register-link-binaries="tmp/a_dlink.reg.c"    "/LIBPATH:C:/Program Files/NVIDIA GPU Computing Toolkit/CUDA/v12.1/bin/../lib/x64" -cpu-arch=X86_64 "tmp/CMakeCUDACompilerId.obj"  cudadevrt.lib  -o "tmp/a_dlink.sm_52.cubin"]
#$ nvlink -optf "tmp/a_dlink.sm_52.cubin.optf"
#$ fatbinary --create="tmp/a_dlink.fatbin" -64 --cicc-cmdline="-ftz=0 -prec_div=1 -prec_sqrt=1 -fmad=1 " -link "--image3=kind=elf,sm=52,file=tmp/a_dlink.sm_52.cubin" --embedded-fatbin="tmp/a_dlink.fatbin.c" 
#$ resource file tmp/a_dlink.obj.res: [-D__CUDA_ARCH_LIST__=520 -nologo -c -TP -EHsc -DFATBINFILE="\"tmp/a_dlink.fatbin.c\"" -DREGISTERLINKBINARYFILE="\"tmp/a_dlink.reg.c\"" -I. -D__NV_EXTRA_INITIALIZATION= -D__NV_EXTRA_FINALIZATION= -D__CUDA_INCLUDE_COMPILER_INTERNAL_HEADERS__  "-IC:/Program Files/NVIDIA GPU Computing Toolkit/CUDA/v12.1/bin/../include"    -D__CUDACC_VER_MAJOR__=12 -D__CUDACC_VER_MINOR__=1 -D__CUDACC_VER_BUILD__=105 -D__CUDA_API_VER_MAJOR__=12 -D__CUDA_API_VER_MINOR__=1 -D__NVCC_DIAG_PRAGMA_SUPPORT__=1 "C:\Program Files\NVIDIA GPU Computing Toolkit\CUDA\v12.1\bin\crt\link.stub" ]
#$ cl.exe @"tmp/a_dlink.obj.res" -Fo"tmp/a_dlink.obj" 
link.stub
#$ resource file tmp/a.exe.res: [-D__CUDA_ARCH_LIST__=520 -nologo "C:\Users\Megatron\CLionProjects\test\cmake-build-debug\CMakeFiles\3.25.2\CompilerIdCUDA\tmp\a_dlink.obj" "C:\Users\Megatron\CLionProjects\test\cmake-build-debug\CMakeFiles\3.25.2\CompilerIdCUDA\tmp\CMakeCUDACompilerId.obj" -link -INCREMENTAL:NO   "/LIBPATH:C:/Program Files/NVIDIA GPU Computing Toolkit/CUDA/v12.1/bin/../lib/x64"  cudadevrt.lib  cudart_static.lib]
#$ cl.exe @"tmp/a.exe.res" -Fe"a.exe" 
   Создается библиотека a.lib и объект a.exp


Compilation of the CUDA compiler identification source "CMakeCUDACompilerId.cu" produced "a.exe"

Compilation of the CUDA compiler identification source "CMakeCUDACompilerId.cu" produced "a.exp"

Compilation of the CUDA compiler identification source "CMakeCUDACompilerId.cu" produced "a.lib"

The CUDA compiler identification is NVIDIA, found in "C:/Users/Megatron/CLionProjects/test/cmake-build-debug/CMakeFiles/3.25.2/CompilerIdCUDA/a.exe"

Parsed CUDA nvcc implicit link information from above output:
  found 'PATH=' string: [C:\Program Files\Microsoft Visual Studio\2022\Community\VC\Tools\MSVC\14.36.32532\bin\HostX64\x64;C:\Program Files\Microsoft Visual Studio\2022\Community\VC\Tools\MSVC\14.36.32532\bin\HostX64\x64;C:\Program Files\Microsoft Visual Studio\2022\Community\Common7\IDE\VC\VCPackages;C:\Program Files\Microsoft Visual Studio\2022\Community\Common7\IDE\CommonExtensions\Microsoft\TestWindow;C:\Program Files\Microsoft Visual Studio\2022\Community\Common7\IDE\CommonExtensions\Microsoft\TeamFoundation\Team Explorer;C:\Program Files\Microsoft Visual Studio\2022\Community\MSBuild\Current\bin\Roslyn;C:\Program Files\Microsoft Visual Studio\2022\Community\Team Tools\Performance Tools\x64;C:\Program Files\Microsoft Visual Studio\2022\Community\Team Tools\Performance Tools;C:\Program Files (x86)\Windows Kits\10\bin\10.0.22000.0\\x64;C:\Program Files (x86)\Windows Kits\10\bin\\x64;C:\Program Files\Microsoft Visual Studio\2022\Community\\MSBuild\Current\Bin\amd64;C:\Windows\Microsoft.NET\Framework64\v4.0.30319;C:\Program Files\Microsoft Visual Studio\2022\Community\Common7\IDE\;C:\Program Files\Microsoft Visual Studio\2022\Community\Common7\Tools\;C:\Program Files\Microsoft Visual Studio\2022\Community\VC\Tools\MSVC\14.36.32532\bin\HostX64\x64;C:\Program Files\Microsoft Visual Studio\2022\Community\Common7\IDE\VC\VCPackages;C:\Program Files\Microsoft Visual Studio\2022\Community\Common7\IDE\CommonExtensions\Microsoft\TestWindow;C:\Program Files\Microsoft Visual Studio\2022\Community\Common7\IDE\CommonExtensions\Microsoft\TeamFoundation\Team Explorer;C:\Program Files\Microsoft Visual Studio\2022\Community\MSBuild\Current\bin\Roslyn;C:\Program Files\Microsoft Visual Studio\2022\Community\Team Tools\Performance Tools\x64;C:\Program Files\Microsoft Visual Studio\2022\Community\Team Tools\Performance Tools;C:\Program Files (x86)\Windows Kits\10\bin\10.0.22000.0\\x64;C:\Program Files (x86)\Windows Kits\10\bin\\x64;C:\Program Files\Microsoft Visual Studio\2022\Community\\MSBuild\Current\Bin\amd64;C:\Windows\Microsoft.NET\Framework64\v4.0.30319;C:\Program Files\Microsoft Visual Studio\2022\Community\Common7\IDE\;C:\Program Files\Microsoft Visual Studio\2022\Community\Common7\Tools\;C:\Program Files\NVIDIA GPU Computing Toolkit\CUDA\v12.1\bin;C:\Program Files\NVIDIA GPU Computing Toolkit\CUDA\v12.1\libnvvp;C:\Program Files\Common Files\Oracle\Java\javapath;C:\Users\Megatron\AppData\Local\Programs\Python\Python311\Scripts\;C:\Users\Megatron\AppData\Local\Programs\Python\Python311\;C:\Windows\system32;C:\Windows;C:\Windows\System32\Wbem;C:\Windows\System32\WindowsPowerShell\v1.0\;C:\Windows\System32\OpenSSH\;C:\Program Files\NVIDIA Corporation\NVIDIA NvDLISR;C:\Program Files\dotnet\;C:\Program Files\Go\bin;C:\Program Files\Docker\Docker\resources\bin;C:\Program Files (x86)\Microsoft SQL Server\160\Tools\Binn\;C:\Program Files\Microsoft SQL Server\160\Tools\Binn\;C:\Program Files\Microsoft SQL Server\Client SDK\ODBC\170\Tools\Binn\;C:\Program Files\Microsoft SQL Server\160\DTS\Binn\;C:\Program Files\nodejs\;C:\ProgramData\chocolatey\bin;C:\Program Files\NVIDIA Corporation\Nsight Compute 2023.1.1\;C:\Program Files (x86)\NVIDIA Corporation\PhysX\Common;C:\Program Files\MySQL\MySQL Shell 8.0\bin\;C:\Users\Megatron\AppData\Local\Microsoft\WindowsApps;C:\Program Files\JetBrains\CLion 2022.3\bin;;C:\msys64\mingw64\bin;C:\Users\Megatron\go\bin;C:\Users\Megatron\AppData\Local\Programs\Microsoft VS Code\bin;C:\Program Files\LLVM\bin;C:\Users\Megatron\AppData\Roaming\npm;C:\Program Files\Microsoft Visual Studio\2022\Community\Common7\IDE\CommonExtensions\Microsoft\CMake\CMake\bin;C:\Program Files\Microsoft Visual Studio\2022\Community\Common7\IDE\CommonExtensions\Microsoft\CMake\Ninja;C:\Program Files\Microsoft Visual Studio\2022\Community\Common7\IDE\VC\Linux\bin\ConnectionManagerExe;C:\Program Files\Microsoft Visual Studio\2022\Community\VC\vcpkg;C:\Program Files\NVIDIA GPU Computing Toolkit\CUDA\v12.1\bin;C:\Program Files\NVIDIA GPU Computing Toolkit\CUDA\v12.1\libnvvp;C:\Program Files\Common Files\Oracle\Java\javapath;C:\Users\Megatron\AppData\Local\Programs\Python\Python311\Scripts\;C:\Users\Megatron\AppData\Local\Programs\Python\Python311\;C:\Windows\system32;C:\Windows;C:\Windows\System32\Wbem;C:\Windows\System32\WindowsPowerShell\v1.0\;C:\Windows\System32\OpenSSH\;C:\Program Files\NVIDIA Corporation\NVIDIA NvDLISR;C:\Program Files\dotnet\;C:\Program Files\Go\bin;C:\Program Files\Docker\Docker\resources\bin;C:\Program Files (x86)\Microsoft SQL Server\160\Tools\Binn\;C:\Program Files\Microsoft SQL Server\160\Tools\Binn\;C:\Program Files\Microsoft SQL Server\Client SDK\ODBC\170\Tools\Binn\;C:\Program Files\Microsoft SQL Server\160\DTS\Binn\;C:\Program Files\nodejs\;C:\ProgramData\chocolatey\bin;C:\Program Files\NVIDIA Corporation\Nsight Compute 2023.1.1\;C:\Program Files (x86)\NVIDIA Corporation\PhysX\Common;C:\Program Files\MySQL\MySQL Shell 8.0\bin\;C:\Users\Megatron\AppData\Local\Microsoft\WindowsApps;C:\Program Files\JetBrains\CLion 2022.3\bin;;C:\msys64\mingw64\bin;C:\Users\Megatron\go\bin;C:\Users\Megatron\AppData\Local\Programs\Microsoft VS Code\bin;C:\Program Files\LLVM\bin;C:\Users\Megatron\AppData\Roaming\npm;C:\Program Files\JetBrains\CLion 2022.3\bin\ninja\win\x64;C:\Program Files\Microsoft Visual Studio\2022\Community\Common7\IDE\CommonExtensions\Microsoft\CMake\CMake\bin;C:\Program Files\Microsoft Visual Studio\2022\Community\Common7\IDE\CommonExtensions\Microsoft\CMake\Ninja;C:\Program Files\Microsoft Visual Studio\2022\Community\Common7\IDE\VC\Linux\bin\ConnectionManagerExe;C:\Program Files\Microsoft Visual Studio\2022\Community\VC\vcpkg]
  found 'LIBRARIES=' string: ["/LIBPATH:C:/Program Files/NVIDIA GPU Computing Toolkit/CUDA/v12.1/bin/../lib/x64"]
  considering line: []
  considering line: [C:\Users\Megatron\CLionProjects\test\cmake-build-debug\CMakeFiles\3.25.2\CompilerIdCUDA>call "C:/Program Files/Microsoft Visual Studio/2022/Community/VC/Tools/MSVC/14.36.32532/bin/HostX64/x64/../../../../../../../VC/Auxiliary/Build/vcvars64.bat" ]
  considering line: [**********************************************************************]
  considering line: [** Visual Studio 2022 Developer Command Prompt v17.6.1]
  considering line: [** Copyright (c) 2022 Microsoft Corporation]
  considering line: [**********************************************************************]
  considering line: [[vcvarsall.bat] Environment initialized for: 'x64']
  considering line: [C:/Program Files/Microsoft Visual Studio/2022/Community/VC/Tools/MSVC/14.36.32532/bin/HostX64/x64/../../../../../../../VC/Auxiliary/Build/vcvars64.bat]
  considering line: [erase tmp/a_dlink.reg.c]
  considering line: [CMakeCUDACompilerId.cu]
  considering line: [resource file tmp/CMakeCUDACompilerId.cpp4.ii.res: [-D__CUDA_ARCH_LIST__=520 -nologo -E -TP -EHsc -D__CUDACC__ -D__NVCC__  "-IC:/Program Files/NVIDIA GPU Computing Toolkit/CUDA/v12.1/bin/../include"    -D__CUDACC_VER_MAJOR__=12 -D__CUDACC_VER_MINOR__=1 -D__CUDACC_VER_BUILD__=105 -D__CUDA_API_VER_MAJOR__=12 -D__CUDA_API_VER_MINOR__=1 -D__NVCC_DIAG_PRAGMA_SUPPORT__=1 -FI "cuda_runtime.h" "CMakeCUDACompilerId.cu" ]]
  considering line: [cl.exe @"tmp/CMakeCUDACompilerId.cpp4.ii.res" > "tmp/CMakeCUDACompilerId.cpp4.ii" ]
  considering line: [CMakeCUDACompilerId.cu]
  considering line: [cudafe++ --microsoft_version=1936 --msvc_target_version=1936 --compiler_bindir "C:/Program Files/Microsoft Visual Studio/2022/Community/VC/Tools/MSVC/14.36.32532/bin/HostX64/x64/../../../../../../.." --sdk_dir "C:/Program Files (x86)/Windows Kits/10/" --display_error_number --orig_src_file_name "CMakeCUDACompilerId.cu" --orig_src_path_name "C:\Users\Megatron\CLionProjects\test\cmake-build-debug\CMakeFiles\3.25.2\CompilerIdCUDA\CMakeCUDACompilerId.cu" --allow_managed --m64 --parse_templates --gen_c_file_name "tmp/CMakeCUDACompilerId.cudafe1.cpp" --stub_file_name "CMakeCUDACompilerId.cudafe1.stub.c" --gen_module_id_file --module_id_file_name "tmp/CMakeCUDACompilerId.module_id" "tmp/CMakeCUDACompilerId.cpp4.ii" ]
  considering line: [resource file tmp/CMakeCUDACompilerId.cpp1.ii.res: [-D__CUDA_ARCH__=520 -D__CUDA_ARCH_LIST__=520 -nologo -E -TP  -DCUDA_DOUBLE_MATH_FUNCTIONS -EHsc -D__CUDACC__ -D__NVCC__  "-IC:/Program Files/NVIDIA GPU Computing Toolkit/CUDA/v12.1/bin/../include"    -D__CUDACC_VER_MAJOR__=12 -D__CUDACC_VER_MINOR__=1 -D__CUDACC_VER_BUILD__=105 -D__CUDA_API_VER_MAJOR__=12 -D__CUDA_API_VER_MINOR__=1 -D__NVCC_DIAG_PRAGMA_SUPPORT__=1 -FI "cuda_runtime.h" "CMakeCUDACompilerId.cu" ]]
  considering line: [cl.exe @"tmp/CMakeCUDACompilerId.cpp1.ii.res" > "tmp/CMakeCUDACompilerId.cpp1.ii" ]
  considering line: [CMakeCUDACompilerId.cu]
  considering line: [cicc --microsoft_version=1936 --msvc_target_version=1936 --compiler_bindir "C:/Program Files/Microsoft Visual Studio/2022/Community/VC/Tools/MSVC/14.36.32532/bin/HostX64/x64/../../../../../../.." --sdk_dir "C:/Program Files (x86)/Windows Kits/10/" --display_error_number --orig_src_file_name "CMakeCUDACompilerId.cu" --orig_src_path_name "C:\Users\Megatron\CLionProjects\test\cmake-build-debug\CMakeFiles\3.25.2\CompilerIdCUDA\CMakeCUDACompilerId.cu" --allow_managed  -arch compute_52 -m64 --no-version-ident -ftz=0 -prec_div=1 -prec_sqrt=1 -fmad=1 --include_file_name "CMakeCUDACompilerId.fatbin.c" -tused --module_id_file_name "tmp/CMakeCUDACompilerId.module_id" --gen_c_file_name "tmp/CMakeCUDACompilerId.cudafe1.c" --stub_file_name "tmp/CMakeCUDACompilerId.cudafe1.stub.c" --gen_device_file_name "tmp/CMakeCUDACompilerId.cudafe1.gpu"  "tmp/CMakeCUDACompilerId.cpp1.ii" -o "tmp/CMakeCUDACompilerId.ptx"]
  considering line: [ptxas -arch=sm_52 -m64 "tmp/CMakeCUDACompilerId.ptx"  -o "tmp/CMakeCUDACompilerId.sm_52.cubin" ]
  considering line: [fatbinary --create="tmp/CMakeCUDACompilerId.fatbin" -64 --cicc-cmdline="-ftz=0 -prec_div=1 -prec_sqrt=1 -fmad=1 " "--image3=kind=elf,sm=52,file=tmp/CMakeCUDACompilerId.sm_52.cubin" "--image3=kind=ptx,sm=52,file=tmp/CMakeCUDACompilerId.ptx" --embedded-fatbin="tmp/CMakeCUDACompilerId.fatbin.c" ]
  considering line: [resource file tmp/CMakeCUDACompilerId.obj.res: [-D__CUDA_ARCH__=520 -D__CUDA_ARCH_LIST__=520 -nologo -c -TP  -DCUDA_DOUBLE_MATH_FUNCTIONS -EHsc "-IC:/Program Files/NVIDIA GPU Computing Toolkit/CUDA/v12.1/bin/../include"   "C:\Users\Megatron\CLionProjects\test\cmake-build-debug\CMakeFiles\3.25.2\CompilerIdCUDA\tmp\CMakeCUDACompilerId.cudafe1.cpp" ]]
  considering line: [cl.exe @"tmp/CMakeCUDACompilerId.obj.res" -Fo"tmp/CMakeCUDACompilerId.obj" ]
  considering line: [CMakeCUDACompilerId.cudafe1.cpp]
  considering line: [resource file tmp/a_dlink.sm_52.cubin.optf: [-m64 --arch=sm_52 --register-link-binaries="tmp/a_dlink.reg.c"    "/LIBPATH:C:/Program Files/NVIDIA GPU Computing Toolkit/CUDA/v12.1/bin/../lib/x64" -cpu-arch=X86_64 "tmp/CMakeCUDACompilerId.obj"  cudadevrt.lib  -o "tmp/a_dlink.sm_52.cubin"]]
    extracted link line: [resource file tmp/a_dlink.sm_52.cubin.optf: [-m64 --arch=sm_52 --register-link-binaries="tmp/a_dlink.reg.c"    "/LIBPATH:C:/Program Files/NVIDIA GPU Computing Toolkit/CUDA/v12.1/bin/../lib/x64" -cpu-arch=X86_64 "tmp/CMakeCUDACompilerId.obj"  cudadevrt.lib  -o "tmp/a_dlink.sm_52.cubin"]]
  considering line: [nvlink -optf "tmp/a_dlink.sm_52.cubin.optf"]
    ignoring nvlink line
  considering line: [fatbinary --create="tmp/a_dlink.fatbin" -64 --cicc-cmdline="-ftz=0 -prec_div=1 -prec_sqrt=1 -fmad=1 " -link "--image3=kind=elf,sm=52,file=tmp/a_dlink.sm_52.cubin" --embedded-fatbin="tmp/a_dlink.fatbin.c" ]
  considering line: [resource file tmp/a_dlink.obj.res: [-D__CUDA_ARCH_LIST__=520 -nologo -c -TP -EHsc -DFATBINFILE="\"tmp/a_dlink.fatbin.c\"" -DREGISTERLINKBINARYFILE="\"tmp/a_dlink.reg.c\"" -I. -D__NV_EXTRA_INITIALIZATION= -D__NV_EXTRA_FINALIZATION= -D__CUDA_INCLUDE_COMPILER_INTERNAL_HEADERS__  "-IC:/Program Files/NVIDIA GPU Computing Toolkit/CUDA/v12.1/bin/../include"    -D__CUDACC_VER_MAJOR__=12 -D__CUDACC_VER_MINOR__=1 -D__CUDACC_VER_BUILD__=105 -D__CUDA_API_VER_MAJOR__=12 -D__CUDA_API_VER_MINOR__=1 -D__NVCC_DIAG_PRAGMA_SUPPORT__=1 "C:\Program Files\NVIDIA GPU Computing Toolkit\CUDA\v12.1\bin\crt\link.stub" ]]
  considering line: [cl.exe @"tmp/a_dlink.obj.res" -Fo"tmp/a_dlink.obj" ]
  considering line: [link.stub]
  considering line: [resource file tmp/a.exe.res: [-D__CUDA_ARCH_LIST__=520 -nologo "C:\Users\Megatron\CLionProjects\test\cmake-build-debug\CMakeFiles\3.25.2\CompilerIdCUDA\tmp\a_dlink.obj" "C:\Users\Megatron\CLionProjects\test\cmake-build-debug\CMakeFiles\3.25.2\CompilerIdCUDA\tmp\CMakeCUDACompilerId.obj" -link -INCREMENTAL:NO   "/LIBPATH:C:/Program Files/NVIDIA GPU Computing Toolkit/CUDA/v12.1/bin/../lib/x64"  cudadevrt.lib  cudart_static.lib]]
    extracted link line: [resource file tmp/a.exe.res: [-D__CUDA_ARCH_LIST__=520 -nologo "C:\Users\Megatron\CLionProjects\test\cmake-build-debug\CMakeFiles\3.25.2\CompilerIdCUDA\tmp\a_dlink.obj" "C:\Users\Megatron\CLionProjects\test\cmake-build-debug\CMakeFiles\3.25.2\CompilerIdCUDA\tmp\CMakeCUDACompilerId.obj" -link -INCREMENTAL:NO   "/LIBPATH:C:/Program Files/NVIDIA GPU Computing Toolkit/CUDA/v12.1/bin/../lib/x64"  cudadevrt.lib  cudart_static.lib]]
  considering line: [cl.exe @"tmp/a.exe.res" -Fe"a.exe" ]
    extracted link line: [cl.exe -D__CUDA_ARCH_LIST__=520 -nologo "C:\Users\Megatron\CLionProjects\test\cmake-build-debug\CMakeFiles\3.25.2\CompilerIdCUDA\tmp\a_dlink.obj" "C:\Users\Megatron\CLionProjects\test\cmake-build-debug\CMakeFiles\3.25.2\CompilerIdCUDA\tmp\CMakeCUDACompilerId.obj" -link -INCREMENTAL:NO   "/LIBPATH:C:/Program Files/NVIDIA GPU Computing Toolkit/CUDA/v12.1/bin/../lib/x64"  cudadevrt.lib  cudart_static.lib -Fe"a.exe" ]
  considering line: [   Создается библиотека a.lib и объект a.exp]
  considering line: []

  link line regex: [^( *|.*[/\])(link\.exe|CMAKE_LINK_STARTFILE-NOTFOUND|([^/\]+-)?ld|collect2)[^/\]*( |$)]
  link line: [cuda-fake-ld cl.exe -D__CUDA_ARCH_LIST__=520 -nologo "C:\Users\Megatron\CLionProjects\test\cmake-build-debug\CMakeFiles\3.25.2\CompilerIdCUDA\tmp\a_dlink.obj" "C:\Users\Megatron\CLionProjects\test\cmake-build-debug\CMakeFiles\3.25.2\CompilerIdCUDA\tmp\CMakeCUDACompilerId.obj" -link -INCREMENTAL:NO   "/LIBPATH:C:/Program Files/NVIDIA GPU Computing Toolkit/CUDA/v12.1/bin/../lib/x64"  cudadevrt.lib  cudart_static.lib -Fe"a.exe" ]
    arg [cuda-fake-ld] ==> ignore
    arg [cl.exe] ==> recognize MSVC cl
    arg [-D__CUDA_ARCH_LIST__=520] ==> ignore
    arg [-nologo] ==> ignore
    arg [C:\Users\Megatron\CLionProjects\test\cmake-build-debug\CMakeFiles\3.25.2\CompilerIdCUDA\tmp\a_dlink.obj] ==> ignore
    arg [C:\Users\Megatron\CLionProjects\test\cmake-build-debug\CMakeFiles\3.25.2\CompilerIdCUDA\tmp\CMakeCUDACompilerId.obj] ==> ignore
    arg [-link] ==> ignore MSVC cl option
    arg [-INCREMENTAL:NO] ==> ignore
    arg [/LIBPATH:C:/Program Files/NVIDIA GPU Computing Toolkit/CUDA/v12.1/bin/../lib/x64] ==> dir [C:/Program Files/NVIDIA GPU Computing Toolkit/CUDA/v12.1/bin/../lib/x64]
    arg [cudadevrt.lib] ==> lib [cudadevrt.lib]
    arg [cudart_static.lib] ==> lib [cudart_static.lib]
    arg [-Fea.exe] ==> ignore
  collapse library dir [C:/Program Files/NVIDIA GPU Computing Toolkit/CUDA/v12.1/bin/../lib/x64] ==> [C:/Program Files/NVIDIA GPU Computing Toolkit/CUDA/v12.1/lib/x64]
  implicit libs: [cudadevrt.lib;cudart_static.lib]
  implicit objs: []
  implicit dirs: [C:/Program Files/NVIDIA GPU Computing Toolkit/CUDA/v12.1/lib/x64]
  implicit fwks: []


Parsed CUDA nvcc include information from above output:
  found 'PATH=' string: [C:\Program Files\Microsoft Visual Studio\2022\Community\VC\Tools\MSVC\14.36.32532\bin\HostX64\x64;C:\Program Files\Microsoft Visual Studio\2022\Community\VC\Tools\MSVC\14.36.32532\bin\HostX64\x64;C:\Program Files\Microsoft Visual Studio\2022\Community\Common7\IDE\VC\VCPackages;C:\Program Files\Microsoft Visual Studio\2022\Community\Common7\IDE\CommonExtensions\Microsoft\TestWindow;C:\Program Files\Microsoft Visual Studio\2022\Community\Common7\IDE\CommonExtensions\Microsoft\TeamFoundation\Team Explorer;C:\Program Files\Microsoft Visual Studio\2022\Community\MSBuild\Current\bin\Roslyn;C:\Program Files\Microsoft Visual Studio\2022\Community\Team Tools\Performance Tools\x64;C:\Program Files\Microsoft Visual Studio\2022\Community\Team Tools\Performance Tools;C:\Program Files (x86)\Windows Kits\10\bin\10.0.22000.0\\x64;C:\Program Files (x86)\Windows Kits\10\bin\\x64;C:\Program Files\Microsoft Visual Studio\2022\Community\\MSBuild\Current\Bin\amd64;C:\Windows\Microsoft.NET\Framework64\v4.0.30319;C:\Program Files\Microsoft Visual Studio\2022\Community\Common7\IDE\;C:\Program Files\Microsoft Visual Studio\2022\Community\Common7\Tools\;C:\Program Files\Microsoft Visual Studio\2022\Community\VC\Tools\MSVC\14.36.32532\bin\HostX64\x64;C:\Program Files\Microsoft Visual Studio\2022\Community\Common7\IDE\VC\VCPackages;C:\Program Files\Microsoft Visual Studio\2022\Community\Common7\IDE\CommonExtensions\Microsoft\TestWindow;C:\Program Files\Microsoft Visual Studio\2022\Community\Common7\IDE\CommonExtensions\Microsoft\TeamFoundation\Team Explorer;C:\Program Files\Microsoft Visual Studio\2022\Community\MSBuild\Current\bin\Roslyn;C:\Program Files\Microsoft Visual Studio\2022\Community\Team Tools\Performance Tools\x64;C:\Program Files\Microsoft Visual Studio\2022\Community\Team Tools\Performance Tools;C:\Program Files (x86)\Windows Kits\10\bin\10.0.22000.0\\x64;C:\Program Files (x86)\Windows Kits\10\bin\\x64;C:\Program Files\Microsoft Visual Studio\2022\Community\\MSBuild\Current\Bin\amd64;C:\Windows\Microsoft.NET\Framework64\v4.0.30319;C:\Program Files\Microsoft Visual Studio\2022\Community\Common7\IDE\;C:\Program Files\Microsoft Visual Studio\2022\Community\Common7\Tools\;C:\Program Files\NVIDIA GPU Computing Toolkit\CUDA\v12.1\bin;C:\Program Files\NVIDIA GPU Computing Toolkit\CUDA\v12.1\libnvvp;C:\Program Files\Common Files\Oracle\Java\javapath;C:\Users\Megatron\AppData\Local\Programs\Python\Python311\Scripts\;C:\Users\Megatron\AppData\Local\Programs\Python\Python311\;C:\Windows\system32;C:\Windows;C:\Windows\System32\Wbem;C:\Windows\System32\WindowsPowerShell\v1.0\;C:\Windows\System32\OpenSSH\;C:\Program Files\NVIDIA Corporation\NVIDIA NvDLISR;C:\Program Files\dotnet\;C:\Program Files\Go\bin;C:\Program Files\Docker\Docker\resources\bin;C:\Program Files (x86)\Microsoft SQL Server\160\Tools\Binn\;C:\Program Files\Microsoft SQL Server\160\Tools\Binn\;C:\Program Files\Microsoft SQL Server\Client SDK\ODBC\170\Tools\Binn\;C:\Program Files\Microsoft SQL Server\160\DTS\Binn\;C:\Program Files\nodejs\;C:\ProgramData\chocolatey\bin;C:\Program Files\NVIDIA Corporation\Nsight Compute 2023.1.1\;C:\Program Files (x86)\NVIDIA Corporation\PhysX\Common;C:\Program Files\MySQL\MySQL Shell 8.0\bin\;C:\Users\Megatron\AppData\Local\Microsoft\WindowsApps;C:\Program Files\JetBrains\CLion 2022.3\bin;;C:\msys64\mingw64\bin;C:\Users\Megatron\go\bin;C:\Users\Megatron\AppData\Local\Programs\Microsoft VS Code\bin;C:\Program Files\LLVM\bin;C:\Users\Megatron\AppData\Roaming\npm;C:\Program Files\Microsoft Visual Studio\2022\Community\Common7\IDE\CommonExtensions\Microsoft\CMake\CMake\bin;C:\Program Files\Microsoft Visual Studio\2022\Community\Common7\IDE\CommonExtensions\Microsoft\CMake\Ninja;C:\Program Files\Microsoft Visual Studio\2022\Community\Common7\IDE\VC\Linux\bin\ConnectionManagerExe;C:\Program Files\Microsoft Visual Studio\2022\Community\VC\vcpkg;C:\Program Files\NVIDIA GPU Computing Toolkit\CUDA\v12.1\bin;C:\Program Files\NVIDIA GPU Computing Toolkit\CUDA\v12.1\libnvvp;C:\Program Files\Common Files\Oracle\Java\javapath;C:\Users\Megatron\AppData\Local\Programs\Python\Python311\Scripts\;C:\Users\Megatron\AppData\Local\Programs\Python\Python311\;C:\Windows\system32;C:\Windows;C:\Windows\System32\Wbem;C:\Windows\System32\WindowsPowerShell\v1.0\;C:\Windows\System32\OpenSSH\;C:\Program Files\NVIDIA Corporation\NVIDIA NvDLISR;C:\Program Files\dotnet\;C:\Program Files\Go\bin;C:\Program Files\Docker\Docker\resources\bin;C:\Program Files (x86)\Microsoft SQL Server\160\Tools\Binn\;C:\Program Files\Microsoft SQL Server\160\Tools\Binn\;C:\Program Files\Microsoft SQL Server\Client SDK\ODBC\170\Tools\Binn\;C:\Program Files\Microsoft SQL Server\160\DTS\Binn\;C:\Program Files\nodejs\;C:\ProgramData\chocolatey\bin;C:\Program Files\NVIDIA Corporation\Nsight Compute 2023.1.1\;C:\Program Files (x86)\NVIDIA Corporation\PhysX\Common;C:\Program Files\MySQL\MySQL Shell 8.0\bin\;C:\Users\Megatron\AppData\Local\Microsoft\WindowsApps;C:\Program Files\JetBrains\CLion 2022.3\bin;;C:\msys64\mingw64\bin;C:\Users\Megatron\go\bin;C:\Users\Megatron\AppData\Local\Programs\Microsoft VS Code\bin;C:\Program Files\LLVM\bin;C:\Users\Megatron\AppData\Roaming\npm;C:\Program Files\JetBrains\CLion 2022.3\bin\ninja\win\x64;C:\Program Files\Microsoft Visual Studio\2022\Community\Common7\IDE\CommonExtensions\Microsoft\CMake\CMake\bin;C:\Program Files\Microsoft Visual Studio\2022\Community\Common7\IDE\CommonExtensions\Microsoft\CMake\Ninja;C:\Program Files\Microsoft Visual Studio\2022\Community\Common7\IDE\VC\Linux\bin\ConnectionManagerExe;C:\Program Files\Microsoft Visual Studio\2022\Community\VC\vcpkg]
  found 'LIBRARIES=' string: ["/LIBPATH:C:/Program Files/NVIDIA GPU Computing Toolkit/CUDA/v12.1/bin/../lib/x64"]
  considering line: []
  considering line: [C:\Users\Megatron\CLionProjects\test\cmake-build-debug\CMakeFiles\3.25.2\CompilerIdCUDA>call "C:/Program Files/Microsoft Visual Studio/2022/Community/VC/Tools/MSVC/14.36.32532/bin/HostX64/x64/../../../../../../../VC/Auxiliary/Build/vcvars64.bat" ]
  considering line: [**********************************************************************]
  considering line: [** Visual Studio 2022 Developer Command Prompt v17.6.1]
  considering line: [** Copyright (c) 2022 Microsoft Corporation]
  considering line: [**********************************************************************]
  considering line: [[vcvarsall.bat] Environment initialized for: 'x64']
  considering line: [C:/Program Files/Microsoft Visual Studio/2022/Community/VC/Tools/MSVC/14.36.32532/bin/HostX64/x64/../../../../../../../VC/Auxiliary/Build/vcvars64.bat]
  considering line: [erase tmp/a_dlink.reg.c]
  considering line: [CMakeCUDACompilerId.cu]
  considering line: [resource file tmp/CMakeCUDACompilerId.cpp4.ii.res: [-D__CUDA_ARCH_LIST__=520 -nologo -E -TP -EHsc -D__CUDACC__ -D__NVCC__  "-IC:/Program Files/NVIDIA GPU Computing Toolkit/CUDA/v12.1/bin/../include"    -D__CUDACC_VER_MAJOR__=12 -D__CUDACC_VER_MINOR__=1 -D__CUDACC_VER_BUILD__=105 -D__CUDA_API_VER_MAJOR__=12 -D__CUDA_API_VER_MINOR__=1 -D__NVCC_DIAG_PRAGMA_SUPPORT__=1 -FI "cuda_runtime.h" "CMakeCUDACompilerId.cu" ]]
  considering line: [cl.exe @"tmp/CMakeCUDACompilerId.cpp4.ii.res" > "tmp/CMakeCUDACompilerId.cpp4.ii" ]
  considering line: [CMakeCUDACompilerId.cu]
  considering line: [cudafe++ --microsoft_version=1936 --msvc_target_version=1936 --compiler_bindir "C:/Program Files/Microsoft Visual Studio/2022/Community/VC/Tools/MSVC/14.36.32532/bin/HostX64/x64/../../../../../../.." --sdk_dir "C:/Program Files (x86)/Windows Kits/10/" --display_error_number --orig_src_file_name "CMakeCUDACompilerId.cu" --orig_src_path_name "C:\Users\Megatron\CLionProjects\test\cmake-build-debug\CMakeFiles\3.25.2\CompilerIdCUDA\CMakeCUDACompilerId.cu" --allow_managed --m64 --parse_templates --gen_c_file_name "tmp/CMakeCUDACompilerId.cudafe1.cpp" --stub_file_name "CMakeCUDACompilerId.cudafe1.stub.c" --gen_module_id_file --module_id_file_name "tmp/CMakeCUDACompilerId.module_id" "tmp/CMakeCUDACompilerId.cpp4.ii" ]
  considering line: [resource file tmp/CMakeCUDACompilerId.cpp1.ii.res: [-D__CUDA_ARCH__=520 -D__CUDA_ARCH_LIST__=520 -nologo -E -TP  -DCUDA_DOUBLE_MATH_FUNCTIONS -EHsc -D__CUDACC__ -D__NVCC__  "-IC:/Program Files/NVIDIA GPU Computing Toolkit/CUDA/v12.1/bin/../include"    -D__CUDACC_VER_MAJOR__=12 -D__CUDACC_VER_MINOR__=1 -D__CUDACC_VER_BUILD__=105 -D__CUDA_API_VER_MAJOR__=12 -D__CUDA_API_VER_MINOR__=1 -D__NVCC_DIAG_PRAGMA_SUPPORT__=1 -FI "cuda_runtime.h" "CMakeCUDACompilerId.cu" ]]
  considering line: [cl.exe @"tmp/CMakeCUDACompilerId.cpp1.ii.res" > "tmp/CMakeCUDACompilerId.cpp1.ii" ]
  considering line: [CMakeCUDACompilerId.cu]
  considering line: [cicc --microsoft_version=1936 --msvc_target_version=1936 --compiler_bindir "C:/Program Files/Microsoft Visual Studio/2022/Community/VC/Tools/MSVC/14.36.32532/bin/HostX64/x64/../../../../../../.." --sdk_dir "C:/Program Files (x86)/Windows Kits/10/" --display_error_number --orig_src_file_name "CMakeCUDACompilerId.cu" --orig_src_path_name "C:\Users\Megatron\CLionProjects\test\cmake-build-debug\CMakeFiles\3.25.2\CompilerIdCUDA\CMakeCUDACompilerId.cu" --allow_managed  -arch compute_52 -m64 --no-version-ident -ftz=0 -prec_div=1 -prec_sqrt=1 -fmad=1 --include_file_name "CMakeCUDACompilerId.fatbin.c" -tused --module_id_file_name "tmp/CMakeCUDACompilerId.module_id" --gen_c_file_name "tmp/CMakeCUDACompilerId.cudafe1.c" --stub_file_name "tmp/CMakeCUDACompilerId.cudafe1.stub.c" --gen_device_file_name "tmp/CMakeCUDACompilerId.cudafe1.gpu"  "tmp/CMakeCUDACompilerId.cpp1.ii" -o "tmp/CMakeCUDACompilerId.ptx"]
  considering line: [ptxas -arch=sm_52 -m64 "tmp/CMakeCUDACompilerId.ptx"  -o "tmp/CMakeCUDACompilerId.sm_52.cubin" ]
  considering line: [fatbinary --create="tmp/CMakeCUDACompilerId.fatbin" -64 --cicc-cmdline="-ftz=0 -prec_div=1 -prec_sqrt=1 -fmad=1 " "--image3=kind=elf,sm=52,file=tmp/CMakeCUDACompilerId.sm_52.cubin" "--image3=kind=ptx,sm=52,file=tmp/CMakeCUDACompilerId.ptx" --embedded-fatbin="tmp/CMakeCUDACompilerId.fatbin.c" ]
  considering line: [resource file tmp/CMakeCUDACompilerId.obj.res: [-D__CUDA_ARCH__=520 -D__CUDA_ARCH_LIST__=520 -nologo -c -TP  -DCUDA_DOUBLE_MATH_FUNCTIONS -EHsc "-IC:/Program Files/NVIDIA GPU Computing Toolkit/CUDA/v12.1/bin/../include"   "C:\Users\Megatron\CLionProjects\test\cmake-build-debug\CMakeFiles\3.25.2\CompilerIdCUDA\tmp\CMakeCUDACompilerId.cudafe1.cpp" ]]
  considering line: [cl.exe @"tmp/CMakeCUDACompilerId.obj.res" -Fo"tmp/CMakeCUDACompilerId.obj" ]
  considering line: [CMakeCUDACompilerId.cudafe1.cpp]
  considering line: [resource file tmp/a_dlink.sm_52.cubin.optf: [-m64 --arch=sm_52 --register-link-binaries="tmp/a_dlink.reg.c"    "/LIBPATH:C:/Program Files/NVIDIA GPU Computing Toolkit/CUDA/v12.1/bin/../lib/x64" -cpu-arch=X86_64 "tmp/CMakeCUDACompilerId.obj"  cudadevrt.lib  -o "tmp/a_dlink.sm_52.cubin"]]
    extracted link line: [resource file tmp/a_dlink.sm_52.cubin.optf: [-m64 --arch=sm_52 --register-link-binaries="tmp/a_dlink.reg.c"    "/LIBPATH:C:/Program Files/NVIDIA GPU Computing Toolkit/CUDA/v12.1/bin/../lib/x64" -cpu-arch=X86_64 "tmp/CMakeCUDACompilerId.obj"  cudadevrt.lib  -o "tmp/a_dlink.sm_52.cubin"]]
  considering line: [nvlink -optf "tmp/a_dlink.sm_52.cubin.optf"]
    ignoring nvlink line
  considering line: [fatbinary --create="tmp/a_dlink.fatbin" -64 --cicc-cmdline="-ftz=0 -prec_div=1 -prec_sqrt=1 -fmad=1 " -link "--image3=kind=elf,sm=52,file=tmp/a_dlink.sm_52.cubin" --embedded-fatbin="tmp/a_dlink.fatbin.c" ]
  considering line: [resource file tmp/a_dlink.obj.res: [-D__CUDA_ARCH_LIST__=520 -nologo -c -TP -EHsc -DFATBINFILE="\"tmp/a_dlink.fatbin.c\"" -DREGISTERLINKBINARYFILE="\"tmp/a_dlink.reg.c\"" -I. -D__NV_EXTRA_INITIALIZATION= -D__NV_EXTRA_FINALIZATION= -D__CUDA_INCLUDE_COMPILER_INTERNAL_HEADERS__  "-IC:/Program Files/NVIDIA GPU Computing Toolkit/CUDA/v12.1/bin/../include"    -D__CUDACC_VER_MAJOR__=12 -D__CUDACC_VER_MINOR__=1 -D__CUDACC_VER_BUILD__=105 -D__CUDA_API_VER_MAJOR__=12 -D__CUDA_API_VER_MINOR__=1 -D__NVCC_DIAG_PRAGMA_SUPPORT__=1 "C:\Program Files\NVIDIA GPU Computing Toolkit\CUDA\v12.1\bin\crt\link.stub" ]]
  considering line: [cl.exe @"tmp/a_dlink.obj.res" -Fo"tmp/a_dlink.obj" ]
  considering line: [link.stub]
  considering line: [resource file tmp/a.exe.res: [-D__CUDA_ARCH_LIST__=520 -nologo "C:\Users\Megatron\CLionProjects\test\cmake-build-debug\CMakeFiles\3.25.2\CompilerIdCUDA\tmp\a_dlink.obj" "C:\Users\Megatron\CLionProjects\test\cmake-build-debug\CMakeFiles\3.25.2\CompilerIdCUDA\tmp\CMakeCUDACompilerId.obj" -link -INCREMENTAL:NO   "/LIBPATH:C:/Program Files/NVIDIA GPU Computing Toolkit/CUDA/v12.1/bin/../lib/x64"  cudadevrt.lib  cudart_static.lib]]
    extracted link line: [resource file tmp/a.exe.res: [-D__CUDA_ARCH_LIST__=520 -nologo "C:\Users\Megatron\CLionProjects\test\cmake-build-debug\CMakeFiles\3.25.2\CompilerIdCUDA\tmp\a_dlink.obj" "C:\Users\Megatron\CLionProjects\test\cmake-build-debug\CMakeFiles\3.25.2\CompilerIdCUDA\tmp\CMakeCUDACompilerId.obj" -link -INCREMENTAL:NO   "/LIBPATH:C:/Program Files/NVIDIA GPU Computing Toolkit/CUDA/v12.1/bin/../lib/x64"  cudadevrt.lib  cudart_static.lib]]
  considering line: [cl.exe @"tmp/a.exe.res" -Fe"a.exe" ]
    extracted link line: [cl.exe -D__CUDA_ARCH_LIST__=520 -nologo "C:\Users\Megatron\CLionProjects\test\cmake-build-debug\CMakeFiles\3.25.2\CompilerIdCUDA\tmp\a_dlink.obj" "C:\Users\Megatron\CLionProjects\test\cmake-build-debug\CMakeFiles\3.25.2\CompilerIdCUDA\tmp\CMakeCUDACompilerId.obj" -link -INCREMENTAL:NO   "/LIBPATH:C:/Program Files/NVIDIA GPU Computing Toolkit/CUDA/v12.1/bin/../lib/x64"  cudadevrt.lib  cudart_static.lib -Fe"a.exe" ]
  considering line: [   Создается библиотека a.lib и объект a.exp]
  considering line: []
  found 'INCLUDES=' string: ["-IC:/Program Files/NVIDIA GPU Computing Toolkit/CUDA/v12.1/bin/../include"  ]

  link line regex: [^( *|.*[/\])(link\.exe|CMAKE_LINK_STARTFILE-NOTFOUND|([^/\]+-)?ld|collect2)[^/\]*( |$)]
  link line: [cuda-fake-ld cl.exe -D__CUDA_ARCH_LIST__=520 -nologo "C:\Users\Megatron\CLionProjects\test\cmake-build-debug\CMakeFiles\3.25.2\CompilerIdCUDA\tmp\a_dlink.obj" "C:\Users\Megatron\CLionProjects\test\cmake-build-debug\CMakeFiles\3.25.2\CompilerIdCUDA\tmp\CMakeCUDACompilerId.obj" -link -INCREMENTAL:NO   "/LIBPATH:C:/Program Files/NVIDIA GPU Computing Toolkit/CUDA/v12.1/bin/../lib/x64"  cudadevrt.lib  cudart_static.lib -Fe"a.exe" ]
    arg [cuda-fake-ld] ==> ignore
    arg [cl.exe] ==> recognize MSVC cl
    arg [-D__CUDA_ARCH_LIST__=520] ==> ignore
    arg [-nologo] ==> ignore
    arg [C:\Users\Megatron\CLionProjects\test\cmake-build-debug\CMakeFiles\3.25.2\CompilerIdCUDA\tmp\a_dlink.obj] ==> ignore
    arg [C:\Users\Megatron\CLionProjects\test\cmake-build-debug\CMakeFiles\3.25.2\CompilerIdCUDA\tmp\CMakeCUDACompilerId.obj] ==> ignore
    arg [-link] ==> ignore MSVC cl option
    arg [-INCREMENTAL:NO] ==> ignore
    arg [/LIBPATH:C:/Program Files/NVIDIA GPU Computing Toolkit/CUDA/v12.1/bin/../lib/x64] ==> dir [C:/Program Files/NVIDIA GPU Computing Toolkit/CUDA/v12.1/bin/../lib/x64]
    arg [cudadevrt.lib] ==> lib [cudadevrt.lib]
    arg [cudart_static.lib] ==> lib [cudart_static.lib]
    arg [-Fea.exe] ==> ignore
  collapse library dir [C:/Program Files/NVIDIA GPU Computing Toolkit/CUDA/v12.1/bin/../lib/x64] ==> [C:/Program Files/NVIDIA GPU Computing Toolkit/CUDA/v12.1/lib/x64]
  implicit libs: [cudadevrt.lib;cudart_static.lib]
  implicit objs: []
  implicit dirs: [C:/Program Files/NVIDIA GPU Computing Toolkit/CUDA/v12.1/lib/x64]
  implicit fwks: []


Detecting CUDA compiler ABI info compiled with the following output:
Change Dir: C:/Users/Megatron/CLionProjects/test/cmake-build-debug/CMakeFiles/CMakeScratch/TryCompile-au9qa2

Run Build Command(s):C:/Program Files/JetBrains/CLion 2022.3/bin/ninja/win/x64/ninja.exe cmTC_96339 && [1/2] Building CUDA object CMakeFiles\cmTC_96339.dir\CMakeCUDACompilerABI.cu.obj
cl: командная строка warning D9002: пропуск неизвестного параметра "-v"
CMakeCUDACompilerABI.cu
cl: командная строка warning D9002: пропуск неизвестного параметра "-v"
CMakeCUDACompilerABI.cu
CMakeCUDACompilerABI.cu
cl: командная строка warning D9002: пропуск неизвестного параметра "-v"
tmpxft_00002764_00000000-10_CMakeCUDACompilerABI.cudafe1.cpp
[2/2] Linking CUDA executable cmTC_96339.exe



Parsed CUDA implicit include dir info from above output: rv=start
  warn: unable to parse implicit include dirs!


Parsed CUDA implicit link information from above output:
  link line regex: [^( *|.*[/\])(link\.exe|CMAKE_LINK_STARTFILE-NOTFOUND|([^/\]+-)?ld|collect2)[^/\]*( |$)]
  ignore line: [Change Dir: C:/Users/Megatron/CLionProjects/test/cmake-build-debug/CMakeFiles/CMakeScratch/TryCompile-au9qa2]
  ignore line: []
  ignore line: [Run Build Command(s):C:/Program Files/JetBrains/CLion 2022.3/bin/ninja/win/x64/ninja.exe cmTC_96339 && [1/2] Building CUDA object CMakeFiles\cmTC_96339.dir\CMakeCUDACompilerABI.cu.obj]
  ignore line: [cl: командная строка warning D9002: пропуск неизвестного параметра "-v"]
  ignore line: [CMakeCUDACompilerABI.cu]
  ignore line: [cl: командная строка warning D9002: пропуск неизвестного параметра "-v"]
  ignore line: [CMakeCUDACompilerABI.cu]
  ignore line: [CMakeCUDACompilerABI.cu]
  ignore line: [cl: командная строка warning D9002: пропуск неизвестного параметра "-v"]
  ignore line: [tmpxft_00002764_00000000-10_CMakeCUDACompilerABI.cudafe1.cpp]
  ignore line: [[2/2] Linking CUDA executable cmTC_96339.exe]
  ignore line: []
  ignore line: []
  implicit libs: []
  implicit objs: []
  implicit dirs: []
  implicit fwks: []


